<?xml version="1.0" encoding="UTF-8"?>
<!-- Generated by org.testng.reporters.JUnitReportReporter -->
<testsuite skipped="0" hostname="Harshada" name="Pratik.com.MavenTest" tests="1" failures="0" timestamp="2020-04-24T06:32:02 IST" time="0.016" errors="0">
  <testcase name="testCase1" time="0.016" classname="Pratik.com.MavenTest"/>
  <system-out/>
</testsuite> <!-- Pratik.com.MavenTest -->
